TN:
SF:src/CoinManager.sol
FN:45,CoinManager.deposit
FNDA:106,CoinManager.deposit
DA:46,105
DA:47,105
FN:50,CoinManager.withdraw
FNDA:3,CoinManager.withdraw
DA:51,3
BRDA:51,0,0,1
BRDA:51,0,1,2
DA:52,1
DA:54,2
DA:55,2
DA:56,2
BRDA:56,1,0,1
BRDA:56,1,1,1
DA:57,1
DA:59,1
FN:62,CoinManager.payBetEntry
FNDA:85,CoinManager.payBetEntry
DA:63,85
DA:64,85
FN:67,CoinManager.payBetToWinner
FNDA:25,CoinManager.payBetToWinner
DA:68,25
DA:69,25
FN:72,CoinManager.balanceOf
FNDA:51,CoinManager.balanceOf
DA:73,51
FNF:5
FNH:5
LF:14
LH:14
BRF:4
BRH:4
end_of_record
TN:
SF:src/RockPaperScissorsGame.sol
FN:149,RockPaperScissorsGame.createLobby
FNDA:50,RockPaperScissorsGame.createLobby
DA:154,48
DA:155,48
DA:156,48
DA:157,48
BRDA:157,0,0,43
BRDA:157,0,1,48
DA:158,43
DA:160,48
DA:161,48
DA:162,48
DA:163,48
DA:165,48
FN:173,RockPaperScissorsGame.cancelGameLobby
FNDA:5,RockPaperScissorsGame.cancelGameLobby
DA:177,3
DA:178,3
BRDA:178,1,0,1
BRDA:178,1,1,2
DA:179,1
DA:181,2
DA:182,2
DA:183,2
FN:190,RockPaperScissorsGame.joinGameLobby
FNDA:42,RockPaperScissorsGame.joinGameLobby
DA:196,39
DA:197,39
BRDA:197,2,0,1
BRDA:197,2,1,38
DA:198,1
DA:200,38
DA:201,38
BRDA:201,3,0,-
BRDA:201,3,1,36
DA:202,37
BRDA:202,4,0,-
BRDA:202,4,1,36
DA:203,36
DA:204,36
DA:205,36
DA:207,1
DA:210,1
DA:211,1
DA:212,1
DA:213,1
FN:224,RockPaperScissorsGame.submitHash
FNDA:57,RockPaperScissorsGame.submitHash
DA:229,55
DA:230,55
DA:231,55
BRDA:231,5,0,-
BRDA:231,5,1,1
DA:232,27
DA:233,27
BRDA:233,6,0,-
BRDA:233,6,1,1
DA:234,1
DA:236,28
BRDA:236,7,0,-
BRDA:236,7,1,24
DA:237,27
DA:238,27
BRDA:238,8,0,-
BRDA:238,8,1,24
DA:239,24
DA:242,1
FN:258,RockPaperScissorsGame.submitChoice
FNDA:34,RockPaperScissorsGame.submitChoice
DA:263,32
DA:264,32
BRDA:264,9,0,1
BRDA:264,9,1,31
DA:265,1
DA:267,31
DA:268,31
BRDA:268,10,0,14
BRDA:268,10,1,17
DA:269,14
DA:270,17
BRDA:270,11,0,11
BRDA:270,11,1,6
DA:271,11
DA:273,6
DA:275,31
DA:276,31
BRDA:276,12,0,-
BRDA:276,12,1,1
DA:277,16
BRDA:277,13,0,-
BRDA:277,13,1,1
DA:278,15
DA:279,15
BRDA:279,14,0,-
BRDA:279,14,1,1
DA:280,1
DA:281,1
DA:284,1
DA:286,15
BRDA:286,15,0,-
BRDA:286,15,1,10
DA:287,14
BRDA:287,16,0,-
BRDA:287,16,1,10
DA:288,13
DA:289,13
BRDA:289,17,0,-
BRDA:289,17,1,10
DA:290,10
DA:291,10
DA:294,1
DA:297,1
FN:305,RockPaperScissorsGame.checkGameState
FNDA:9,RockPaperScissorsGame.checkGameState
DA:306,9
DA:307,9
BRDA:307,18,0,1
BRDA:307,18,1,8
DA:308,1
DA:311,8
BRDA:310,19,0,-
BRDA:310,19,1,7
DA:314,7
DA:315,7
DA:317,1
FN:330,RockPaperScissorsGame.checkResult
FNDA:18,RockPaperScissorsGame.checkResult
DA:331,18
DA:332,18
DA:333,18
BRDA:333,20,0,1
BRDA:333,20,1,17
DA:334,1
DA:335,17
BRDA:335,21,0,1
BRDA:335,21,1,16
DA:336,1
DA:337,16
BRDA:337,22,0,1
BRDA:337,22,1,15
DA:338,1
DA:339,15
BRDA:339,23,0,1
BRDA:339,23,1,14
DA:340,1
DA:341,14
BRDA:341,24,0,2
BRDA:341,24,1,12
DA:342,2
DA:343,12
BRDA:343,25,0,1
BRDA:343,25,1,11
DA:344,1
DA:346,11
DA:350,18
BRDA:350,26,0,5
BRDA:350,26,1,13
DA:351,5
DA:352,5
DA:354,13
DA:358,18
FN:380,RockPaperScissorsGame.gameLogic
FNDA:11,RockPaperScissorsGame.gameLogic
DA:385,11
BRDA:385,27,0,3
BRDA:385,27,1,1
DA:386,5
BRDA:386,28,0,1
BRDA:386,28,1,4
DA:387,1
DA:388,4
BRDA:388,29,0,3
BRDA:388,29,1,1
DA:389,3
DA:391,1
DA:393,6
BRDA:393,30,0,1
BRDA:393,30,1,1
DA:394,3
BRDA:394,31,0,1
BRDA:394,31,1,2
DA:395,1
DA:396,2
BRDA:396,32,0,1
BRDA:396,32,1,1
DA:397,1
DA:399,1
DA:402,3
BRDA:402,33,0,1
BRDA:402,33,1,2
DA:403,1
DA:404,2
BRDA:404,34,0,1
BRDA:404,34,1,1
DA:405,1
DA:407,1
FN:415,RockPaperScissorsGame.gameInformation
FNDA:45,RockPaperScissorsGame.gameInformation
DA:416,45
FNF:9
FNH:9
LF:111
LH:111
BRF:70
BRH:57
end_of_record
TN:
SF:test/CoinManagerTest.t.sol
FN:12,ContractNotReceiver.
FNDA:0,ContractNotReceiver.
FNF:1
FNH:0
LF:0
LH:0
BRF:0
BRH:0
end_of_record
